<?xml version="1.0" encoding="UTF-8"?>
<testsuite xmlns:xsi="http://www.w3.org/2001/XMLSchema-instance" xsi:noNamespaceSchemaLocation="https://maven.apache.org/surefire/maven-surefire-plugin/xsd/surefire-test-report.xsd" name="TestSuite" time="38.973" tests="4" errors="0" skipped="0" failures="1">
  <properties>
[...]
</properties>
  <testcase name="basePageNavigation" classname="selenium.HomePage" time="7.808"/>
  <testcase name="basePageNavigation" classname="selenium.HomePage" time="4.041"/>
  <testcase name="validateAPPTitle" classname="selenium.validateTitle" time="1.347">
    <failure message="expected [FEATURED COUR12SES] but found [FEATURED COURSES]" type="java.lang.AssertionError">java.lang.AssertionError: expected [FEATURED COUR12SES] but found [FEATURED COURSES]
	at selenium.validateTitle.validateAPPTitle(validateTitle.java:33)
</failure>
    <system-err><![CDATA[Starting ChromeDriver 86.0.4240.22 (398b0743353ff36fb1b82468f63a3a93b4e2e89e-refs/branch-heads/4240@{#378}) on port 10776
Only local connections are allowed.
Please see https://chromedriver.chromium.org/security-considerations for suggestions on keeping ChromeDriver safe.
ChromeDriver was started successfully.
Nov 01, 2020 7:24:30 PM org.openqa.selenium.remote.ProtocolHandshake createSession
INFO: Detected dialect: W3C
]]></system-err>
  </testcase>
  <testcase name="basePageNavigation" classname="selenium.ValidatingNavigationBar" time="0.395"/>
</testsuite>