<?xml version="1.0" encoding="UTF-8"?>
<!-- Generated by org.testng.reporters.JUnitXMLReporter -->
<testsuite ignored="0" hostname="ROHABISH-IN" failures="0" tests="4" name="Test" time="30.213" errors="0" timestamp="31 Oct 2020 14:13:59 GMT">
  <testcase classname="selenium.HomePage" name="basePageNavigation" time="5.76"/>
  <testcase classname="selenium.HomePage" name="basePageNavigation" time="3.214"/>
  <testcase classname="selenium.validateTitle" name="validateAPPTitle" time="0.067"/>
  <testcase classname="selenium.ValidatingNavigationBar" name="basePageNavigation" time="0.181"/>
</testsuite> <!-- Test -->
